<?xml version="1.0" encoding="UTF-8"?>
<testsuite name="Fake Empty Suite" tests="0" skipped="0" failures="0" errors="0" hostname="N/A" time="0.0">
  <properties/>
  <system-out><![CDATA[]]></system-out>
  <system-err><![CDATA[]]></system-err>
</testsuite>
